2026-06-02 16:42:10,019 INFO Using device: cuda
2026-06-02 16:42:10,215 INFO Network parameters: 12,572,803
2026-06-02 16:42:10,215 INFO Config: game=chess iters=1 games/iter=16 sims=50 max_moves=60
2026-06-02 16:42:12,437 INFO Starting training: 1 iterations remaining
2026-06-02 16:42:12,437 INFO 
============================================================
2026-06-02 16:42:12,437 INFO Iteration 1/1
2026-06-02 16:42:12,437 INFO ============================================================
2026-06-02 16:42:12,437 INFO [Phase 1/3] Self-play: 16 games...
2026-06-02 16:42:12,438 INFO   [selfplay] Starting 16 games | sims=50 | max_moves=60 | device=cuda
2026-06-02 16:42:39,068 INFO   [selfplay] step= 10 | active= 16 finished=  0 | step_time=2.1s | sim: cpu=0.77s gpu=1.175s batch=16 gpu%=60.5% | elapsed=27s
2026-06-02 16:42:59,899 INFO   [selfplay] step= 20 | active= 15 finished=  1 | step_time=2.0s | sim: cpu=0.68s gpu=1.189s batch=15 gpu%=63.5% | elapsed=47s
2026-06-02 16:43:21,968 INFO   [selfplay] step= 30 | active= 15 finished=  1 | step_time=2.1s | sim: cpu=0.82s gpu=1.187s batch=15 gpu%=59.3% | elapsed=70s
2026-06-02 16:43:43,919 INFO   [selfplay] step= 40 | active= 12 finished=  4 | step_time=2.0s | sim: cpu=0.72s gpu=1.203s batch=12 gpu%=62.5% | elapsed=91s
2026-06-02 16:44:05,142 INFO   [selfplay] step= 50 | active= 11 finished=  5 | step_time=1.9s | sim: cpu=0.57s gpu=1.197s batch=12 gpu%=67.8% | elapsed=113s
2026-06-02 16:44:20,997 INFO   [selfplay] step= 59 | active=  0 finished= 16 | step_time=0.1s | sim: cpu=0.08s gpu=0.000s batch=0 gpu%=0.0% | elapsed=129s
2026-06-02 16:44:20,997 INFO   [selfplay] DONE | 16 games in 128.6s | examples=812 | gpu_calls=2947 total_gpu=77.80s total_cpu=43.91s gpu%=63.9%
2026-06-02 16:44:20,997 INFO   Self-play done: 812 examples in 2m8s (51 examples/game, buffer: 812)
2026-06-02 16:44:20,997 INFO [Phase 2/3] Training: 812 examples, 10 epochs, batch_size=512...
2026-06-02 16:44:22,187 INFO Iteration 0: loss=6.7388 (pi=6.6734, v=0.0654) examples=812
2026-06-02 16:44:22,188 INFO   Training done: 1.2s | loss=6.7388 (pi=6.6734, v=0.0654)
2026-06-02 16:44:22,188 INFO   ── Iter 1 Summary ──  total=2m9s (selfplay=2m8s [99%] | train=1.2s [1%])
2026-06-02 16:44:22,188 INFO   ── Progress ──  1/1 done | elapsed=2m9s | avg=2m9s/iter | ETA=0.0s (0 iters left)
2026-06-02 16:44:22,188 INFO 
============================================================
2026-06-02 16:44:22,355 INFO Checkpoint saved: runs/checkpoints_gpu57_smoke/final.pt
2026-06-02 16:44:22,355 INFO 
============================================================
2026-06-02 16:44:22,355 INFO TRAINING COMPLETE
2026-06-02 16:44:22,355 INFO ============================================================
2026-06-02 16:44:22,355 INFO   Total time:     2m9s
2026-06-02 16:44:22,355 INFO   Iterations:     1
2026-06-02 16:44:22,355 INFO   Avg iter:       2m9s
2026-06-02 16:44:22,355 INFO   Avg selfplay:   2m8s
2026-06-02 16:44:22,355 INFO   Avg training:   1.2s
2026-06-02 16:44:22,355 INFO   Selfplay total: 2m8s (99%)
2026-06-02 16:44:22,355 INFO   Training total: 1.2s (1%)
